{
  "/Users/gabriela/dev-personal/rn-playground/src/stories/Header.tsx": {
    "path": "/Users/gabriela/dev-personal/rn-playground/src/stories/Header.tsx",
    "statementMap": {
      "0": {
        "start": {
          "line": 1,
          "column": 0
        },
        "end": {
          "line": 1,
          "column": null
        }
      },
      "1": {
        "start": {
          "line": 3,
          "column": 0
        },
        "end": {
          "line": 3,
          "column": null
        }
      },
      "2": {
        "start": {
          "line": 4,
          "column": 0
        },
        "end": {
          "line": 4,
          "column": 22
        }
      },
      "3": {
        "start": {
          "line": 4,
          "column": 22
        },
        "end": {
          "line": 4,
          "column": null
        }
      },
      "4": {
        "start": {
          "line": 17,
          "column": 22
        },
        "end": {
          "line": 55,
          "column": null
        }
      },
      "5": {
        "start": {
          "line": 17,
          "column": 29
        },
        "end": {
          "line": 17,
          "column": 28
        }
      },
      "6": {
        "start": {
          "line": 17,
          "column": 38
        },
        "end": {
          "line": 17,
          "column": 37
        }
      },
      "7": {
        "start": {
          "line": 17,
          "column": 48
        },
        "end": {
          "line": 17,
          "column": 47
        }
      },
      "8": {
        "start": {
          "line": 17,
          "column": 65
        },
        "end": {
          "line": 17,
          "column": 64
        }
      },
      "9": {
        "start": {
          "line": 17,
          "column": 65
        },
        "end": {
          "line": 55,
          "column": null
        }
      },
      "10": {
        "start": {
          "line": 56,
          "column": 2
        },
        "end": {
          "line": 56,
          "column": null
        }
      }
    },
    "fnMap": {
      "0": {
        "name": "Header",
        "decl": {
          "start": {
            "line": 17,
            "column": 13
          },
          "end": {
            "line": 17,
            "column": 19
          }
        },
        "loc": {
          "start": {
            "line": 17,
            "column": 19
          },
          "end": {
            "line": 55,
            "column": null
          }
        }
      }
    },
    "branchMap": {
      "0": {
        "loc": {
          "start": {
            "line": 40,
            "column": 9
          },
          "end": {
            "line": 51,
            "column": null
          }
        },
        "type": "cond-expr",
        "locations": [
          {
            "start": {
              "line": 41,
              "column": 10
            },
            "end": {
              "line": 46,
              "column": 13
            }
          },
          {
            "start": {
              "line": 48,
              "column": 10
            },
            "end": {
              "line": 51,
              "column": null
            }
          }
        ]
      }
    },
    "s": {
      "0": 12,
      "1": 3,
      "2": 3,
      "3": 3,
      "4": 3,
      "5": 6,
      "6": 6,
      "7": 6,
      "8": 6,
      "9": 6,
      "10": 3
    },
    "f": {
      "0": 6
    },
    "b": {
      "0": [
        3,
        3
      ]
    }
  },
  "/Users/gabriela/dev-personal/rn-playground/src/stories/Button.tsx": {
    "path": "/Users/gabriela/dev-personal/rn-playground/src/stories/Button.tsx",
    "statementMap": {
      "0": {
        "start": {
          "line": 1,
          "column": 0
        },
        "end": {
          "line": 1,
          "column": null
        }
      },
      "1": {
        "start": {
          "line": 2,
          "column": 0
        },
        "end": {
          "line": 2,
          "column": 22
        }
      },
      "2": {
        "start": {
          "line": 2,
          "column": 22
        },
        "end": {
          "line": 2,
          "column": null
        }
      },
      "3": {
        "start": {
          "line": 30,
          "column": 22
        },
        "end": {
          "line": 48,
          "column": 1
        }
      },
      "4": {
        "start": {
          "line": 36,
          "column": 19
        },
        "end": {
          "line": 31,
          "column": 9
        }
      },
      "5": {
        "start": {
          "line": 31,
          "column": 9
        },
        "end": {
          "line": 31,
          "column": null
        }
      },
      "6": {
        "start": {
          "line": 31,
          "column": 17
        },
        "end": {
          "line": 32,
          "column": 6
        }
      },
      "7": {
        "start": {
          "line": 32,
          "column": 6
        },
        "end": {
          "line": 32,
          "column": null
        }
      },
      "8": {
        "start": {
          "line": 33,
          "column": 17
        },
        "end": {
          "line": 33,
          "column": 16
        }
      },
      "9": {
        "start": {
          "line": 34,
          "column": 7
        },
        "end": {
          "line": 34,
          "column": 6
        }
      },
      "10": {
        "start": {
          "line": 35,
          "column": 10
        },
        "end": {
          "line": 35,
          "column": null
        }
      },
      "11": {
        "start": {
          "line": 37,
          "column": 15
        },
        "end": {
          "line": 37,
          "column": 84
        }
      },
      "12": {
        "start": {
          "line": 38,
          "column": 2
        },
        "end": {
          "line": 46,
          "column": null
        }
      },
      "13": {
        "start": {
          "line": 48,
          "column": 2
        },
        "end": {
          "line": 48,
          "column": null
        }
      }
    },
    "fnMap": {
      "0": {
        "name": "Button",
        "decl": {
          "start": {
            "line": 30,
            "column": 13
          },
          "end": {
            "line": 30,
            "column": 19
          }
        },
        "loc": {
          "start": {
            "line": 36,
            "column": 19
          },
          "end": {
            "line": 48,
            "column": 1
          }
        }
      }
    },
    "branchMap": {
      "0": {
        "loc": {
          "start": {
            "line": 31,
            "column": 9
          },
          "end": {
            "line": 31,
            "column": null
          }
        },
        "type": "cond-expr",
        "locations": [
          {
            "start": {
              "line": 31,
              "column": 12
            },
            "end": {
              "line": 31,
              "column": 17
            }
          },
          {
            "start": {
              "line": 31,
              "column": 17
            },
            "end": {
              "line": 31,
              "column": null
            }
          }
        ]
      },
      "1": {
        "loc": {
          "start": {
            "line": 32,
            "column": 6
          },
          "end": {
            "line": 32,
            "column": null
          }
        },
        "type": "cond-expr",
        "locations": [
          {
            "start": {
              "line": 32,
              "column": 9
            },
            "end": {
              "line": 32,
              "column": 17
            }
          },
          {
            "start": {
              "line": 32,
              "column": 17
            },
            "end": {
              "line": 32,
              "column": null
            }
          }
        ]
      },
      "2": {
        "loc": {
          "start": {
            "line": 37,
            "column": 15
          },
          "end": {
            "line": 37,
            "column": 84
          }
        },
        "type": "cond-expr",
        "locations": [
          {
            "start": {
              "line": 37,
              "column": 25
            },
            "end": {
              "line": 37,
              "column": 52
            }
          },
          {
            "start": {
              "line": 37,
              "column": 55
            },
            "end": {
              "line": 37,
              "column": 84
            }
          }
        ]
      }
    },
    "s": {
      "0": 35,
      "1": 7,
      "2": 14,
      "3": 7,
      "4": 22,
      "5": 22,
      "6": 22,
      "7": 22,
      "8": 22,
      "9": 22,
      "10": 22,
      "11": 22,
      "12": 22,
      "13": 7
    },
    "f": {
      "0": 22
    },
    "b": {
      "0": [
        15,
        7
      ],
      "1": [
        8,
        14
      ],
      "2": [
        7,
        15
      ]
    }
  },
  "/Users/gabriela/dev-personal/rn-playground/src/components/Button/SpecialButton.tsx": {
    "path": "/Users/gabriela/dev-personal/rn-playground/src/components/Button/SpecialButton.tsx",
    "statementMap": {
      "0": {
        "start": {
          "line": 1,
          "column": 0
        },
        "end": {
          "line": 1,
          "column": 26
        }
      },
      "1": {
        "start": {
          "line": 1,
          "column": 26
        },
        "end": {
          "line": 1,
          "column": null
        }
      },
      "2": {
        "start": {
          "line": 3,
          "column": 0
        },
        "end": {
          "line": 3,
          "column": 41
        }
      },
      "3": {
        "start": {
          "line": 3,
          "column": 41
        },
        "end": {
          "line": 3,
          "column": null
        }
      },
      "4": {
        "start": {
          "line": 5,
          "column": 31
        },
        "end": {
          "line": 18,
          "column": 1
        }
      },
      "5": {
        "start": {
          "line": 6,
          "column": 38
        },
        "end": {
          "line": 6,
          "column": 65
        }
      },
      "6": {
        "start": {
          "line": 6,
          "column": 65
        },
        "end": {
          "line": 6,
          "column": null
        }
      },
      "7": {
        "start": {
          "line": 6,
          "column": 19
        },
        "end": {
          "line": 6,
          "column": 21
        }
      },
      "8": {
        "start": {
          "line": 6,
          "column": 34
        },
        "end": {
          "line": 6,
          "column": 38
        }
      },
      "9": {
        "start": {
          "line": 8,
          "column": 2
        },
        "end": {
          "line": 16,
          "column": null
        }
      },
      "10": {
        "start": {
          "line": 14,
          "column": 8
        },
        "end": {
          "line": 14,
          "column": null
        }
      },
      "11": {
        "start": {
          "line": 20,
          "column": 15
        },
        "end": {
          "line": 20,
          "column": 37
        }
      },
      "12": {
        "start": {
          "line": 20,
          "column": 37
        },
        "end": {
          "line": 20,
          "column": null
        }
      }
    },
    "fnMap": {
      "0": {
        "name": "ButtonWithDynamicLabel",
        "decl": {
          "start": {
            "line": 5,
            "column": 6
          },
          "end": {
            "line": 5,
            "column": 28
          }
        },
        "loc": {
          "start": {
            "line": 5,
            "column": 37
          },
          "end": {
            "line": 18,
            "column": 1
          }
        }
      },
      "1": {
        "name": "onPress",
        "decl": {
          "start": {
            "line": 13,
            "column": 15
          },
          "end": {
            "line": 13,
            "column": 21
          }
        },
        "loc": {
          "start": {
            "line": 13,
            "column": 21
          },
          "end": {
            "line": 15,
            "column": 8
          }
        }
      }
    },
    "branchMap": {},
    "s": {
      "0": 10,
      "1": 2,
      "2": 2,
      "3": 2,
      "4": 2,
      "5": 2,
      "6": 2,
      "7": 2,
      "8": 2,
      "9": 2,
      "10": 0,
      "11": 2,
      "12": 2
    },
    "f": {
      "0": 2,
      "1": 0
    },
    "b": {}
  },
  "/Users/gabriela/dev-personal/rn-playground/src/tokens/colors.ts": {
    "path": "/Users/gabriela/dev-personal/rn-playground/src/tokens/colors.ts",
    "statementMap": {
      "0": {
        "start": {
          "line": 1,
          "column": 0
        },
        "end": {
          "line": 1,
          "column": 6
        }
      },
      "1": {
        "start": {
          "line": 1,
          "column": 15
        },
        "end": {
          "line": 20,
          "column": 1
        }
      },
      "2": {
        "start": {
          "line": 22,
          "column": 15
        },
        "end": {
          "line": 22,
          "column": 21
        }
      },
      "3": {
        "start": {
          "line": 22,
          "column": 21
        },
        "end": {
          "line": 22,
          "column": null
        }
      }
    },
    "fnMap": {},
    "branchMap": {},
    "s": {
      "0": 6,
      "1": 3,
      "2": 3,
      "3": 3
    },
    "f": {},
    "b": {}
  },
  "/Users/gabriela/dev-personal/rn-playground/src/stories/Page.tsx": {
    "path": "/Users/gabriela/dev-personal/rn-playground/src/stories/Page.tsx",
    "statementMap": {
      "0": {
        "start": {
          "line": 1,
          "column": 0
        },
        "end": {
          "line": 1,
          "column": null
        }
      },
      "1": {
        "start": {
          "line": 3,
          "column": 0
        },
        "end": {
          "line": 3,
          "column": null
        }
      },
      "2": {
        "start": {
          "line": 4,
          "column": 0
        },
        "end": {
          "line": 4,
          "column": 20
        }
      },
      "3": {
        "start": {
          "line": 4,
          "column": 20
        },
        "end": {
          "line": 4,
          "column": null
        }
      },
      "4": {
        "start": {
          "line": 10,
          "column": 30
        },
        "end": {
          "line": 73,
          "column": 1
        }
      },
      "5": {
        "start": {
          "line": 11,
          "column": 26
        },
        "end": {
          "line": 11,
          "column": 48
        }
      },
      "6": {
        "start": {
          "line": 11,
          "column": 48
        },
        "end": {
          "line": 11,
          "column": null
        }
      },
      "7": {
        "start": {
          "line": 11,
          "column": 13
        },
        "end": {
          "line": 11,
          "column": 15
        }
      },
      "8": {
        "start": {
          "line": 11,
          "column": 22
        },
        "end": {
          "line": 11,
          "column": 26
        }
      },
      "9": {
        "start": {
          "line": 13,
          "column": 2
        },
        "end": {
          "line": 71,
          "column": null
        }
      },
      "10": {
        "start": {
          "line": 17,
          "column": 17
        },
        "end": {
          "line": 17,
          "column": 53
        }
      },
      "11": {
        "start": {
          "line": 18,
          "column": 18
        },
        "end": {
          "line": 18,
          "column": 43
        }
      },
      "12": {
        "start": {
          "line": 19,
          "column": 25
        },
        "end": {
          "line": 19,
          "column": 61
        }
      },
      "13": {
        "start": {
          "line": 73,
          "column": 2
        },
        "end": {
          "line": 73,
          "column": null
        }
      }
    },
    "fnMap": {
      "0": {
        "name": "Page",
        "decl": {
          "start": {
            "line": 10,
            "column": 13
          },
          "end": {
            "line": 10,
            "column": 27
          }
        },
        "loc": {
          "start": {
            "line": 10,
            "column": 36
          },
          "end": {
            "line": 73,
            "column": 1
          }
        }
      },
      "1": {
        "name": "onLogin",
        "decl": {
          "start": {
            "line": 17,
            "column": 17
          },
          "end": {
            "line": 17,
            "column": 23
          }
        },
        "loc": {
          "start": {
            "line": 17,
            "column": 17
          },
          "end": {
            "line": 17,
            "column": 53
          }
        }
      },
      "2": {
        "name": "onLogout",
        "decl": {
          "start": {
            "line": 18,
            "column": 18
          },
          "end": {
            "line": 18,
            "column": 24
          }
        },
        "loc": {
          "start": {
            "line": 18,
            "column": 18
          },
          "end": {
            "line": 18,
            "column": 43
          }
        }
      },
      "3": {
        "name": "onCreateAccount",
        "decl": {
          "start": {
            "line": 19,
            "column": 25
          },
          "end": {
            "line": 19,
            "column": 31
          }
        },
        "loc": {
          "start": {
            "line": 19,
            "column": 25
          },
          "end": {
            "line": 19,
            "column": 61
          }
        }
      }
    },
    "branchMap": {},
    "s": {
      "0": 5,
      "1": 1,
      "2": 1,
      "3": 1,
      "4": 1,
      "5": 3,
      "6": 3,
      "7": 3,
      "8": 3,
      "9": 3,
      "10": 1,
      "11": 0,
      "12": 0,
      "13": 1
    },
    "f": {
      "0": 3,
      "1": 1,
      "2": 0,
      "3": 0
    },
    "b": {}
  },
  "/Users/gabriela/dev-personal/rn-playground/src/screens/AllComponents/AllComponents.tsx": {
    "path": "/Users/gabriela/dev-personal/rn-playground/src/screens/AllComponents/AllComponents.tsx",
    "statementMap": {
      "0": {
        "start": {
          "line": 1,
          "column": 0
        },
        "end": {
          "line": 1,
          "column": null
        }
      },
      "1": {
        "start": {
          "line": 2,
          "column": 0
        },
        "end": {
          "line": 2,
          "column": 44
        }
      },
      "2": {
        "start": {
          "line": 2,
          "column": 44
        },
        "end": {
          "line": 2,
          "column": null
        }
      },
      "3": {
        "start": {
          "line": 14,
          "column": 0
        },
        "end": {
          "line": 14,
          "column": 41
        }
      },
      "4": {
        "start": {
          "line": 14,
          "column": 41
        },
        "end": {
          "line": 14,
          "column": null
        }
      },
      "5": {
        "start": {
          "line": 16,
          "column": 19
        },
        "end": {
          "line": 16,
          "column": 61
        }
      },
      "6": {
        "start": {
          "line": 18,
          "column": 22
        },
        "end": {
          "line": 102,
          "column": 1
        }
      },
      "7": {
        "start": {
          "line": 19,
          "column": 28
        },
        "end": {
          "line": 19,
          "column": 46
        }
      },
      "8": {
        "start": {
          "line": 19,
          "column": 46
        },
        "end": {
          "line": 19,
          "column": null
        }
      },
      "9": {
        "start": {
          "line": 19,
          "column": 14
        },
        "end": {
          "line": 19,
          "column": 16
        }
      },
      "10": {
        "start": {
          "line": 19,
          "column": 24
        },
        "end": {
          "line": 19,
          "column": 28
        }
      },
      "11": {
        "start": {
          "line": 20,
          "column": 46
        },
        "end": {
          "line": 20,
          "column": 64
        }
      },
      "12": {
        "start": {
          "line": 20,
          "column": 64
        },
        "end": {
          "line": 20,
          "column": null
        }
      },
      "13": {
        "start": {
          "line": 20,
          "column": 23
        },
        "end": {
          "line": 20,
          "column": 25
        }
      },
      "14": {
        "start": {
          "line": 20,
          "column": 42
        },
        "end": {
          "line": 20,
          "column": 46
        }
      },
      "15": {
        "start": {
          "line": 21,
          "column": 40
        },
        "end": {
          "line": 21,
          "column": 61
        }
      },
      "16": {
        "start": {
          "line": 21,
          "column": 61
        },
        "end": {
          "line": 21,
          "column": null
        }
      },
      "17": {
        "start": {
          "line": 21,
          "column": 20
        },
        "end": {
          "line": 21,
          "column": 22
        }
      },
      "18": {
        "start": {
          "line": 21,
          "column": 36
        },
        "end": {
          "line": 21,
          "column": 40
        }
      },
      "19": {
        "start": {
          "line": 23,
          "column": 2
        },
        "end": {
          "line": 100,
          "column": null
        }
      },
      "20": {
        "start": {
          "line": 38,
          "column": 30
        },
        "end": {
          "line": 38,
          "column": 51
        }
      },
      "21": {
        "start": {
          "line": 50,
          "column": 30
        },
        "end": {
          "line": 50,
          "column": 60
        }
      },
      "22": {
        "start": {
          "line": 82,
          "column": 12
        },
        "end": {
          "line": 82,
          "column": null
        }
      },
      "23": {
        "start": {
          "line": 94,
          "column": 27
        },
        "end": {
          "line": 94,
          "column": 62
        }
      },
      "24": {
        "start": {
          "line": 104,
          "column": 15
        },
        "end": {
          "line": 148,
          "column": 2
        }
      },
      "25": {
        "start": {
          "line": 150,
          "column": 15
        },
        "end": {
          "line": 150,
          "column": 28
        }
      },
      "26": {
        "start": {
          "line": 150,
          "column": 28
        },
        "end": {
          "line": 150,
          "column": null
        }
      }
    },
    "fnMap": {
      "0": {
        "name": "AllComponents",
        "decl": {
          "start": {
            "line": 18,
            "column": 6
          },
          "end": {
            "line": 18,
            "column": 19
          }
        },
        "loc": {
          "start": {
            "line": 18,
            "column": 28
          },
          "end": {
            "line": 102,
            "column": 1
          }
        }
      },
      "1": {
        "name": "onChangeText",
        "decl": {
          "start": {
            "line": 38,
            "column": 24
          },
          "end": {
            "line": 38,
            "column": 25
          }
        },
        "loc": {
          "start": {
            "line": 38,
            "column": 30
          },
          "end": {
            "line": 38,
            "column": 51
          }
        }
      },
      "2": {
        "name": "onChangeText",
        "decl": {
          "start": {
            "line": 50,
            "column": 24
          },
          "end": {
            "line": 50,
            "column": 25
          }
        },
        "loc": {
          "start": {
            "line": 50,
            "column": 30
          },
          "end": {
            "line": 50,
            "column": 60
          }
        }
      },
      "3": {
        "name": "onPress",
        "decl": {
          "start": {
            "line": 81,
            "column": 19
          },
          "end": {
            "line": 81,
            "column": 25
          }
        },
        "loc": {
          "start": {
            "line": 81,
            "column": 25
          },
          "end": {
            "line": 83,
            "column": 12
          }
        }
      },
      "4": {
        "name": "onValueChange",
        "decl": {
          "start": {
            "line": 94,
            "column": 27
          },
          "end": {
            "line": 94,
            "column": 33
          }
        },
        "loc": {
          "start": {
            "line": 94,
            "column": 27
          },
          "end": {
            "line": 94,
            "column": 62
          }
        }
      }
    },
    "branchMap": {},
    "s": {
      "0": 5,
      "1": 1,
      "2": 9,
      "3": 1,
      "4": 1,
      "5": 1,
      "6": 1,
      "7": 1,
      "8": 1,
      "9": 1,
      "10": 1,
      "11": 1,
      "12": 1,
      "13": 1,
      "14": 1,
      "15": 1,
      "16": 1,
      "17": 1,
      "18": 1,
      "19": 1,
      "20": 0,
      "21": 0,
      "22": 0,
      "23": 0,
      "24": 1,
      "25": 1,
      "26": 1
    },
    "f": {
      "0": 1,
      "1": 0,
      "2": 0,
      "3": 0,
      "4": 0
    },
    "b": {}
  }
}